<?xml version="1.0" ?>
<!DOCTYPE coverage SYSTEM "http://cobertura.sourceforge.net/xml/coverage-04.dtd">
<coverage lines-valid="67"  lines-covered="60"  line-rate="0.8955"  branches-valid="12"  branches-covered="9"  branch-rate="0.75"  timestamp="1446582609431" complexity="0" version="0.1">
<sources>
	<source>/Users/pierre/code/bordel/tutorials/chan</source>
</sources>
<packages>
	<package name="chan"  line-rate="0.8955"  branch-rate="0.75" >
	<classes>
		<class name="index.js"  filename="index.js"  line-rate="0.8955"  branch-rate="0.75" >
		<methods>
			<method name="(anonymous_1)"  hits="0"  signature="()V" >
				<lines><line number="50"  hits="0" /></lines>
			</method>
			<method name="(anonymous_2)"  hits="1"  signature="()V" >
				<lines><line number="54"  hits="1" /></lines>
			</method>
			<method name="(anonymous_3)"  hits="3"  signature="()V" >
				<lines><line number="59"  hits="3" /></lines>
			</method>
			<method name="(anonymous_4)"  hits="4"  signature="()V" >
				<lines><line number="71"  hits="4" /></lines>
			</method>
			<method name="(anonymous_5)"  hits="4"  signature="()V" >
				<lines><line number="73"  hits="4" /></lines>
			</method>
			<method name="(anonymous_6)"  hits="3"  signature="()V" >
				<lines><line number="81"  hits="3" /></lines>
			</method>
			<method name="(anonymous_7)"  hits="1"  signature="()V" >
				<lines><line number="99"  hits="1" /></lines>
			</method>
			<method name="(anonymous_8)"  hits="1"  signature="()V" >
				<lines><line number="103"  hits="1" /></lines>
			</method>
			<method name="(anonymous_9)"  hits="1"  signature="()V" >
				<lines><line number="107"  hits="1" /></lines>
			</method>
			<method name="(anonymous_10)"  hits="1"  signature="()V" >
				<lines><line number="124"  hits="1" /></lines>
			</method>
			<method name="(anonymous_11)"  hits="1"  signature="()V" >
				<lines><line number="130"  hits="1" /></lines>
			</method>
		</methods>
		<lines>
			<line number="4"  hits="1"  branch="false" />
			<line number="6"  hits="1"  branch="false" />
			<line number="7"  hits="1"  branch="false" />
			<line number="8"  hits="1"  branch="false" />
			<line number="9"  hits="1"  branch="true"  condition-coverage="100% (2/2)" />
			<line number="10"  hits="1"  branch="true"  condition-coverage="100% (2/2)" />
			<line number="11"  hits="1"  branch="false" />
			<line number="12"  hits="1"  branch="false" />
			<line number="13"  hits="1"  branch="false" />
			<line number="16"  hits="1"  branch="true"  condition-coverage="50% (1/2)" />
			<line number="17"  hits="0"  branch="false" />
			<line number="18"  hits="0"  branch="false" />
			<line number="19"  hits="0"  branch="false" />
			<line number="20"  hits="0"  branch="false" />
			<line number="21"  hits="0"  branch="false" />
			<line number="23"  hits="1"  branch="false" />
			<line number="24"  hits="1"  branch="false" />
			<line number="27"  hits="1"  branch="false" />
			<line number="35"  hits="1"  branch="false" />
			<line number="37"  hits="1"  branch="false" />
			<line number="38"  hits="1"  branch="false" />
			<line number="39"  hits="1"  branch="false" />
			<line number="41"  hits="1"  branch="false" />
			<line number="43"  hits="1"  branch="false" />
			<line number="45"  hits="1"  branch="false" />
			<line number="46"  hits="1"  branch="false" />
			<line number="50"  hits="1"  branch="false" />
			<line number="51"  hits="0"  branch="false" />
			<line number="54"  hits="1"  branch="false" />
			<line number="55"  hits="1"  branch="false" />
			<line number="56"  hits="1"  branch="false" />
			<line number="59"  hits="1"  branch="false" />
			<line number="60"  hits="3"  branch="false" />
			<line number="62"  hits="3"  branch="true"  condition-coverage="100% (2/2)" />
			<line number="63"  hits="1"  branch="false" />
			<line number="65"  hits="2"  branch="false" />
			<line number="66"  hits="2"  branch="false" />
			<line number="71"  hits="1"  branch="false" />
			<line number="73"  hits="4"  branch="false" />
			<line number="74"  hits="4"  branch="true"  condition-coverage="50% (1/2)" />
			<line number="75"  hits="0"  branch="false" />
			<line number="78"  hits="4"  branch="false" />
			<line number="80"  hits="4"  branch="false" />
			<line number="81"  hits="4"  branch="false" />
			<line number="83"  hits="3"  branch="false" />
			<line number="86"  hits="4"  branch="false" />
			<line number="93"  hits="1"  branch="false" />
			<line number="95"  hits="1"  branch="false" />
			<line number="97"  hits="1"  branch="false" />
			<line number="99"  hits="1"  branch="false" />
			<line number="100"  hits="1"  branch="false" />
			<line number="103"  hits="1"  branch="false" />
			<line number="105"  hits="1"  branch="false" />
			<line number="107"  hits="1"  branch="false" />
			<line number="109"  hits="1"  branch="false" />
			<line number="111"  hits="1"  branch="false" />
			<line number="113"  hits="1"  branch="false" />
			<line number="114"  hits="1"  branch="true"  condition-coverage="50% (1/2)" />
			<line number="115"  hits="1"  branch="false" />
			<line number="117"  hits="1"  branch="false" />
			<line number="119"  hits="1"  branch="false" />
			<line number="121"  hits="1"  branch="false" />
			<line number="124"  hits="1"  branch="false" />
			<line number="125"  hits="1"  branch="false" />
			<line number="128"  hits="1"  branch="false" />
			<line number="130"  hits="1"  branch="false" />
			<line number="131"  hits="1"  branch="false" />
		</lines>
		</class>
	</classes>
	</package>
</packages>
</coverage>
