{"/Users/pierre/code/bordel/tutorials/chan/index.js":{"path":"/Users/pierre/code/bordel/tutorials/chan/index.js","s":{"1":1,"2":1,"3":1,"4":1,"5":1,"6":1,"7":1,"8":1,"9":1,"10":1,"11":0,"12":0,"13":0,"14":0,"15":0,"16":1,"17":1,"18":1,"19":1,"20":1,"21":1,"22":1,"23":1,"24":1,"25":1,"26":1,"27":1,"28":0,"29":1,"30":1,"31":1,"32":1,"33":3,"34":3,"35":1,"36":2,"37":2,"38":1,"39":4,"40":4,"41":0,"42":4,"43":4,"44":4,"45":3,"46":4,"47":1,"48":1,"49":1,"50":1,"51":1,"52":1,"53":1,"54":1,"55":1,"56":1,"57":1,"58":1,"59":1,"60":1,"61":1,"62":1,"63":1,"64":1,"65":1,"66":1,"67":1},"b":{"1":[1,1],"2":[1,1],"3":[0,1],"4":[1,2],"5":[0,4],"6":[1,0]},"f":{"1":0,"2":1,"3":3,"4":4,"5":4,"6":3,"7":1,"8":1,"9":1,"10":1,"11":1},"fnMap":{"1":{"name":"(anonymous_1)","line":50,"loc":{"start":{"line":50,"column":18},"end":{"line":50,"column":37}}},"2":{"name":"(anonymous_2)","line":54,"loc":{"start":{"line":54,"column":19},"end":{"line":54,"column":38}}},"3":{"name":"(anonymous_3)","line":59,"loc":{"start":{"line":59,"column":19},"end":{"line":59,"column":38}}},"4":{"name":"(anonymous_4)","line":71,"loc":{"start":{"line":71,"column":13},"end":{"line":71,"column":33}}},"5":{"name":"(anonymous_5)","line":73,"loc":{"start":{"line":73,"column":39},"end":{"line":73,"column":63}}},"6":{"name":"(anonymous_6)","line":81,"loc":{"start":{"line":81,"column":20},"end":{"line":81,"column":41}}},"7":{"name":"(anonymous_7)","line":99,"loc":{"start":{"line":99,"column":7},"end":{"line":99,"column":30}}},"8":{"name":"(anonymous_8)","line":103,"loc":{"start":{"line":103,"column":28},"end":{"line":103,"column":46}}},"9":{"name":"(anonymous_9)","line":107,"loc":{"start":{"line":107,"column":19},"end":{"line":107,"column":34}}},"10":{"name":"(anonymous_10)","line":124,"loc":{"start":{"line":124,"column":16},"end":{"line":124,"column":41}}},"11":{"name":"(anonymous_11)","line":130,"loc":{"start":{"line":130,"column":25},"end":{"line":130,"column":37}}}},"statementMap":{"1":{"start":{"line":4,"column":0},"end":{"line":4,"column":118}},"2":{"start":{"line":6,"column":0},"end":{"line":6,"column":29}},"3":{"start":{"line":7,"column":0},"end":{"line":7,"column":16}},"4":{"start":{"line":8,"column":0},"end":{"line":8,"column":36}},"5":{"start":{"line":9,"column":0},"end":{"line":9,"column":32}},"6":{"start":{"line":10,"column":0},"end":{"line":10,"column":59}},"7":{"start":{"line":11,"column":0},"end":{"line":11,"column":21}},"8":{"start":{"line":12,"column":0},"end":{"line":12,"column":37}},"9":{"start":{"line":13,"column":0},"end":{"line":13,"column":47}},"10":{"start":{"line":16,"column":0},"end":{"line":25,"column":1}},"11":{"start":{"line":17,"column":1},"end":{"line":17,"column":55}},"12":{"start":{"line":18,"column":1},"end":{"line":18,"column":64}},"13":{"start":{"line":19,"column":1},"end":{"line":19,"column":67}},"14":{"start":{"line":20,"column":1},"end":{"line":20,"column":37}},"15":{"start":{"line":21,"column":1},"end":{"line":21,"column":40}},"16":{"start":{"line":23,"column":1},"end":{"line":23,"column":42}},"17":{"start":{"line":24,"column":1},"end":{"line":24,"column":45}},"18":{"start":{"line":27,"column":0},"end":{"line":33,"column":3}},"19":{"start":{"line":35,"column":0},"end":{"line":35,"column":27}},"20":{"start":{"line":37,"column":0},"end":{"line":37,"column":39}},"21":{"start":{"line":38,"column":0},"end":{"line":38,"column":30}},"22":{"start":{"line":39,"column":0},"end":{"line":39,"column":44}},"23":{"start":{"line":41,"column":0},"end":{"line":41,"column":52}},"24":{"start":{"line":43,"column":0},"end":{"line":43,"column":30}},"25":{"start":{"line":45,"column":0},"end":{"line":45,"column":27}},"26":{"start":{"line":46,"column":0},"end":{"line":48,"column":4}},"27":{"start":{"line":50,"column":0},"end":{"line":52,"column":3}},"28":{"start":{"line":51,"column":1},"end":{"line":51,"column":21}},"29":{"start":{"line":54,"column":0},"end":{"line":57,"column":3}},"30":{"start":{"line":55,"column":1},"end":{"line":55,"column":29}},"31":{"start":{"line":56,"column":1},"end":{"line":56,"column":19}},"32":{"start":{"line":59,"column":0},"end":{"line":69,"column":3}},"33":{"start":{"line":60,"column":1},"end":{"line":60,"column":34}},"34":{"start":{"line":62,"column":1},"end":{"line":68,"column":2}},"35":{"start":{"line":63,"column":2},"end":{"line":63,"column":22}},"36":{"start":{"line":65,"column":2},"end":{"line":65,"column":34}},"37":{"start":{"line":66,"column":2},"end":{"line":66,"column":20}},"38":{"start":{"line":71,"column":0},"end":{"line":89,"column":3}},"39":{"start":{"line":73,"column":1},"end":{"line":88,"column":4}},"40":{"start":{"line":74,"column":2},"end":{"line":87,"column":3}},"41":{"start":{"line":75,"column":3},"end":{"line":75,"column":20}},"42":{"start":{"line":78,"column":3},"end":{"line":78,"column":39}},"43":{"start":{"line":80,"column":3},"end":{"line":80,"column":25}},"44":{"start":{"line":81,"column":3},"end":{"line":84,"column":6}},"45":{"start":{"line":83,"column":4},"end":{"line":83,"column":31},"skip":true},"46":{"start":{"line":86,"column":3},"end":{"line":86,"column":70}},"47":{"start":{"line":93,"column":0},"end":{"line":93,"column":47}},"48":{"start":{"line":95,"column":0},"end":{"line":96,"column":28}},"49":{"start":{"line":97,"column":0},"end":{"line":97,"column":41}},"50":{"start":{"line":99,"column":0},"end":{"line":101,"column":3}},"51":{"start":{"line":100,"column":1},"end":{"line":100,"column":61}},"52":{"start":{"line":103,"column":0},"end":{"line":133,"column":3}},"53":{"start":{"line":105,"column":1},"end":{"line":105,"column":36}},"54":{"start":{"line":107,"column":1},"end":{"line":122,"column":4}},"55":{"start":{"line":109,"column":2},"end":{"line":109,"column":24}},"56":{"start":{"line":111,"column":2},"end":{"line":111,"column":49}},"57":{"start":{"line":113,"column":2},"end":{"line":113,"column":45}},"58":{"start":{"line":114,"column":2},"end":{"line":116,"column":3}},"59":{"start":{"line":115,"column":3},"end":{"line":115,"column":33}},"60":{"start":{"line":117,"column":2},"end":{"line":117,"column":43}},"61":{"start":{"line":119,"column":2},"end":{"line":119,"column":41}},"62":{"start":{"line":121,"column":2},"end":{"line":121,"column":41}},"63":{"start":{"line":124,"column":1},"end":{"line":126,"column":3}},"64":{"start":{"line":125,"column":2},"end":{"line":125,"column":31}},"65":{"start":{"line":128,"column":1},"end":{"line":128,"column":35}},"66":{"start":{"line":130,"column":1},"end":{"line":132,"column":4}},"67":{"start":{"line":131,"column":2},"end":{"line":131,"column":48}}},"branchMap":{"1":{"line":9,"type":"binary-expr","locations":[{"start":{"line":9,"column":7},"end":{"line":9,"column":23}},{"start":{"line":9,"column":27},"end":{"line":9,"column":31}}]},"2":{"line":10,"type":"binary-expr","locations":[{"start":{"line":10,"column":11},"end":{"line":10,"column":31}},{"start":{"line":10,"column":35},"end":{"line":10,"column":58}}]},"3":{"line":16,"type":"if","locations":[{"start":{"line":16,"column":0},"end":{"line":16,"column":0}},{"start":{"line":16,"column":0},"end":{"line":16,"column":0}}]},"4":{"line":62,"type":"if","locations":[{"start":{"line":62,"column":1},"end":{"line":62,"column":1}},{"start":{"line":62,"column":1},"end":{"line":62,"column":1}}]},"5":{"line":74,"type":"if","locations":[{"start":{"line":74,"column":2},"end":{"line":74,"column":2}},{"start":{"line":74,"column":2},"end":{"line":74,"column":2}}]},"6":{"line":114,"type":"if","locations":[{"start":{"line":114,"column":2},"end":{"line":114,"column":2}},{"start":{"line":114,"column":2},"end":{"line":114,"column":2}}]}}}}