TN:
SF:/Users/pierre/code/bordel/tutorials/chan/index.js
FN:50,(anonymous_1)
FN:54,(anonymous_2)
FN:59,(anonymous_3)
FN:71,(anonymous_4)
FN:73,(anonymous_5)
FN:81,(anonymous_6)
FN:99,(anonymous_7)
FN:103,(anonymous_8)
FN:107,(anonymous_9)
FN:124,(anonymous_10)
FN:130,(anonymous_11)
FNF:11
FNH:10
FNDA:0,(anonymous_1)
FNDA:1,(anonymous_2)
FNDA:3,(anonymous_3)
FNDA:4,(anonymous_4)
FNDA:4,(anonymous_5)
FNDA:3,(anonymous_6)
FNDA:1,(anonymous_7)
FNDA:1,(anonymous_8)
FNDA:1,(anonymous_9)
FNDA:1,(anonymous_10)
FNDA:1,(anonymous_11)
DA:4,1
DA:6,1
DA:7,1
DA:8,1
DA:9,1
DA:10,1
DA:11,1
DA:12,1
DA:13,1
DA:16,1
DA:17,0
DA:18,0
DA:19,0
DA:20,0
DA:21,0
DA:23,1
DA:24,1
DA:27,1
DA:35,1
DA:37,1
DA:38,1
DA:39,1
DA:41,1
DA:43,1
DA:45,1
DA:46,1
DA:50,1
DA:51,0
DA:54,1
DA:55,1
DA:56,1
DA:59,1
DA:60,3
DA:62,3
DA:63,1
DA:65,2
DA:66,2
DA:71,1
DA:73,4
DA:74,4
DA:75,0
DA:78,4
DA:80,4
DA:81,4
DA:83,3
DA:86,4
DA:93,1
DA:95,1
DA:97,1
DA:99,1
DA:100,1
DA:103,1
DA:105,1
DA:107,1
DA:109,1
DA:111,1
DA:113,1
DA:114,1
DA:115,1
DA:117,1
DA:119,1
DA:121,1
DA:124,1
DA:125,1
DA:128,1
DA:130,1
DA:131,1
LF:67
LH:60
BRDA:9,1,0,1
BRDA:9,1,1,1
BRDA:10,2,0,1
BRDA:10,2,1,1
BRDA:16,3,0,0
BRDA:16,3,1,1
BRDA:62,4,0,1
BRDA:62,4,1,2
BRDA:74,5,0,0
BRDA:74,5,1,4
BRDA:114,6,0,1
BRDA:114,6,1,0
BRF:12
BRH:9
end_of_record
